TN:
SF:factories/GameFactory.ts
FN:17,(anonymous_0)
FN:24,(anonymous_1)
FN:32,(anonymous_2)
FN:36,(anonymous_3)
FN:40,(anonymous_4)
FN:10,(anonymous_5)
FNF:6
FNH:6
FNDA:21,(anonymous_0)
FNDA:379,(anonymous_1)
FNDA:10,(anonymous_2)
FNDA:169,(anonymous_3)
FNDA:23,(anonymous_4)
FNDA:3,(anonymous_5)
DA:2,3
DA:3,3
DA:4,3
DA:5,3
DA:7,3
DA:8,3
DA:10,3
DA:11,3
DA:12,3
DA:13,3
DA:14,3
DA:18,21
DA:19,6
DA:21,15
DA:25,379
DA:26,379
DA:27,2
DA:29,377
DA:33,10
DA:37,169
DA:41,23
DA:42,22
DA:46,3
LF:23
LH:23
BRDA:18,0,0,6
BRDA:18,1,0,21
BRDA:18,1,1,18
BRDA:18,1,2,16
BRDA:26,2,0,2
BRF:5
BRH:5
end_of_record
TN:
SF:providers/BaseGameProvider.ts
FN:8,(anonymous_9)
FN:12,(anonymous_10)
FN:16,(anonymous_11)
FN:23,(anonymous_12)
FNF:4
FNH:4
FNDA:190,(anonymous_9)
FNDA:155,(anonymous_10)
FNDA:13946,(anonymous_11)
FNDA:299,(anonymous_12)
DA:2,7
DA:4,7
DA:9,190
DA:13,155
DA:17,13946
DA:18,13946
DA:19,13946
DA:20,13946
DA:24,299
DA:25,299
DA:26,13904
DA:28,299
LF:12
LH:12
BRDA:9,0,0,190
BRDA:9,0,1,179
BRDA:16,1,0,0
BRDA:16,2,0,0
BRDA:23,3,0,0
BRDA:23,4,0,0
BRDA:23,5,0,0
BRF:7
BRH:2
end_of_record
TN:
SF:providers/BlackjackProvider.ts
FN:53,(anonymous_0)
FN:62,(anonymous_1)
FN:73,(anonymous_2)
FN:85,(anonymous_3)
FN:106,(anonymous_4)
FN:122,(anonymous_5)
FN:126,(anonymous_6)
FN:171,(anonymous_7)
FN:194,(anonymous_8)
FN:213,(anonymous_9)
FN:272,(anonymous_10)
FN:298,(anonymous_11)
FN:363,(anonymous_12)
FN:410,(anonymous_13)
FN:424,(anonymous_14)
FN:471,(anonymous_15)
FN:526,(anonymous_16)
FN:608,(anonymous_17)
FN:621,(anonymous_18)
FNF:19
FNH:17
FNDA:32,(anonymous_0)
FNDA:257,(anonymous_1)
FNDA:257,(anonymous_2)
FNDA:659,(anonymous_3)
FNDA:4,(anonymous_4)
FNDA:26,(anonymous_5)
FNDA:257,(anonymous_6)
FNDA:68,(anonymous_7)
FNDA:25,(anonymous_8)
FNDA:7,(anonymous_9)
FNDA:30,(anonymous_10)
FNDA:2,(anonymous_11)
FNDA:2,(anonymous_12)
FNDA:2,(anonymous_13)
FNDA:54,(anonymous_14)
FNDA:59,(anonymous_15)
FNDA:0,(anonymous_16)
FNDA:0,(anonymous_17)
FNDA:6,(anonymous_18)
DA:1,4
DA:53,4
DA:54,32
DA:55,32
DA:63,257
DA:64,257
DA:65,1028
DA:66,13364
DA:67,13364
DA:70,257
DA:74,257
DA:75,257
DA:77,257
DA:78,13107
DA:79,13107
DA:82,257
DA:86,659
DA:87,659
DA:89,659
DA:90,1142
DA:91,96
DA:92,96
DA:94,1046
DA:98,659
DA:99,17
DA:100,17
DA:103,659
DA:107,4
DA:108,4
DA:110,4
DA:111,10
DA:112,0
DA:113,0
DA:115,10
DA:119,4
DA:123,26
DA:127,257
DA:128,257
DA:130,257
DA:131,257
DA:132,257
DA:134,257
DA:163,257
DA:172,68
DA:174,68
DA:175,25
DA:178,43
DA:180,7
DA:182,30
DA:184,2
DA:186,2
DA:188,2
DA:190,0
DA:195,25
DA:196,1
DA:197,1
DA:199,1
DA:200,0
DA:202,1
DA:206,24
DA:207,1
DA:210,23
DA:214,7
DA:215,0
DA:218,7
DA:219,7
DA:221,7
DA:223,7
DA:224,0
DA:226,7
DA:229,7
DA:230,7
DA:232,7
DA:239,7
DA:241,7
DA:242,2
DA:243,0
DA:244,0
DA:245,0
DA:247,0
DA:248,0
DA:255,2
DA:256,0
DA:258,2
DA:262,5
DA:263,5
DA:273,30
DA:279,30
DA:280,0
DA:281,0
DA:282,0
DA:283,0
DA:285,0
DA:286,0
DA:295,30
DA:299,2
DA:300,1
DA:303,1
DA:304,1
DA:305,1
DA:307,1
DA:309,1
DA:310,0
DA:312,1
DA:315,1
DA:322,1
DA:324,1
DA:325,0
DA:326,0
DA:327,0
DA:328,0
DA:330,0
DA:331,0
DA:338,0
DA:339,0
DA:341,0
DA:345,1
DA:346,0
DA:347,0
DA:348,0
DA:350,0
DA:351,0
DA:360,1
DA:364,2
DA:365,1
DA:368,1
DA:369,0
DA:372,1
DA:373,1
DA:374,1
DA:375,1
DA:377,1
DA:378,1
DA:380,1
DA:381,1
DA:382,1
DA:383,1
DA:384,1
DA:386,1
DA:393,1
DA:400,1
DA:401,1
DA:411,2
DA:412,1
DA:415,1
DA:421,1
DA:425,54
DA:426,54
DA:428,54
DA:436,54
DA:437,55
DA:438,55
DA:439,55
DA:441,55
DA:449,54
DA:456,54
DA:457,0
DA:460,54
DA:461,19
DA:462,35
DA:463,4
DA:464,31
DA:465,28
DA:467,3
DA:472,59
DA:473,59
DA:475,59
DA:476,59
DA:478,59
DA:480,1
DA:481,1
DA:482,1
DA:484,23
DA:485,23
DA:486,23
DA:488,3
DA:489,3
DA:490,3
DA:492,1
DA:493,1
DA:494,1
DA:496,31
DA:497,31
DA:498,31
DA:501,59
DA:503,59
DA:515,59
DA:517,59
DA:527,0
DA:528,0
DA:534,0
DA:535,0
DA:536,0
DA:537,0
DA:538,0
DA:539,0
DA:540,0
DA:541,0
DA:543,0
DA:547,0
DA:548,0
DA:549,0
DA:550,0
DA:551,0
DA:552,0
DA:553,0
DA:554,0
DA:556,0
DA:560,0
DA:561,0
DA:563,0
DA:564,0
DA:567,0
DA:568,0
DA:570,0
DA:571,0
DA:573,0
DA:574,0
DA:575,0
DA:577,0
DA:591,0
DA:593,0
DA:609,0
DA:611,0
DA:613,0
DA:615,0
DA:617,0
DA:622,6
LF:228
LH:154
BRDA:66,0,0,3084
BRDA:66,0,1,10280
BRDA:90,1,0,96
BRDA:90,1,1,1046
BRDA:98,2,0,676
BRDA:98,2,1,38
BRDA:111,3,0,0
BRDA:111,3,1,10
BRDA:119,4,0,4
BRDA:119,4,1,0
BRDA:123,5,0,26
BRDA:123,5,1,25
BRDA:126,6,0,0
BRDA:126,7,0,0
BRDA:174,8,0,25
BRDA:174,9,0,68
BRDA:174,9,1,43
BRDA:178,10,0,7
BRDA:178,10,1,30
BRDA:178,10,2,2
BRDA:178,10,3,2
BRDA:178,10,4,2
BRDA:178,10,5,0
BRDA:195,11,0,1
BRDA:199,12,0,0
BRDA:199,12,1,1
BRDA:206,13,0,1
BRDA:214,14,0,0
BRDA:219,15,0,0
BRDA:219,15,1,7
BRDA:223,16,0,0
BRDA:223,16,1,7
BRDA:239,17,0,0
BRDA:239,17,1,7
BRDA:241,18,0,2
BRDA:242,19,0,0
BRDA:242,19,1,2
BRDA:242,20,0,2
BRDA:242,20,1,0
BRDA:255,21,0,0
BRDA:255,21,1,2
BRDA:255,22,0,2
BRDA:255,22,1,0
BRDA:279,23,0,0
BRDA:279,24,0,30
BRDA:279,24,1,0
BRDA:299,25,0,1
BRDA:305,26,0,0
BRDA:305,26,1,1
BRDA:309,27,0,0
BRDA:309,27,1,1
BRDA:322,28,0,0
BRDA:322,28,1,1
BRDA:324,29,0,0
BRDA:325,30,0,0
BRDA:325,30,1,0
BRDA:325,31,0,0
BRDA:325,31,1,0
BRDA:338,32,0,0
BRDA:338,32,1,0
BRDA:338,33,0,0
BRDA:338,33,1,0
BRDA:345,34,0,0
BRDA:345,35,0,1
BRDA:345,35,1,0
BRDA:364,36,0,1
BRDA:368,37,0,0
BRDA:411,38,0,1
BRDA:436,39,0,109
BRDA:436,39,1,54
BRDA:436,39,2,4
BRDA:456,40,0,0
BRDA:460,41,0,19
BRDA:460,41,1,35
BRDA:462,42,0,4
BRDA:462,42,1,31
BRDA:464,43,0,28
BRDA:464,43,1,3
BRDA:478,44,0,1
BRDA:478,44,1,23
BRDA:478,44,2,3
BRDA:478,44,3,1
BRDA:478,44,4,31
BRDA:534,45,0,0
BRDA:534,45,1,0
BRDA:536,46,0,0
BRDA:536,46,1,0
BRDA:538,47,0,0
BRDA:538,47,1,0
BRDA:540,48,0,0
BRDA:540,48,1,0
BRDA:547,49,0,0
BRDA:547,49,1,0
BRDA:549,50,0,0
BRDA:549,50,1,0
BRDA:551,51,0,0
BRDA:551,51,1,0
BRDA:553,52,0,0
BRDA:553,52,1,0
BRDA:560,53,0,0
BRDA:563,54,0,0
BRDA:574,55,0,0
BRDA:574,55,1,0
BRDA:575,56,0,0
BRDA:575,56,1,0
BRDA:594,57,0,0
BRDA:594,57,1,0
BRDA:609,58,0,0
BRDA:609,58,1,0
BRDA:609,58,2,0
BRDA:609,58,3,0
BRF:111
BRH:51
end_of_record
TN:
SF:providers/DiceProvider.ts
FN:20,(anonymous_0)
FN:29,(anonymous_1)
FN:47,(anonymous_2)
FNF:3
FNH:3
FNDA:22,(anonymous_0)
FNDA:87,(anonymous_1)
FNDA:42,(anonymous_2)
DA:1,4
DA:20,4
DA:21,22
DA:22,22
DA:30,87
DA:39,87
DA:48,42
DA:50,42
DA:51,9
DA:52,8
DA:54,9
DA:55,6
DA:59,42
DA:60,42
DA:62,42
DA:64,42
DA:65,42
DA:67,42
DA:68,42
DA:70,42
DA:77,42
DA:78,42
DA:80,42
LF:23
LH:23
BRDA:29,0,0,1
BRDA:29,1,0,1
BRDA:50,2,0,9
BRDA:51,3,0,8
BRDA:54,4,0,6
BRDA:62,5,0,39
BRDA:62,5,1,3
BRDA:64,6,0,39
BRDA:64,6,1,3
BRDA:67,7,0,22
BRDA:67,7,1,20
BRF:11
BRH:11
end_of_record
TN:
SF:providers/ShipCaptainCrewProvider.ts
FN:30,(anonymous_0)
FN:39,(anonymous_1)
FN:41,(anonymous_2)
FN:44,(anonymous_3)
FN:60,(anonymous_4)
FN:83,(anonymous_5)
FN:87,(anonymous_6)
FN:111,(anonymous_7)
FN:132,(anonymous_8)
FN:148,(anonymous_9)
FN:181,(anonymous_10)
FN:185,(anonymous_11)
FNF:12
FNH:10
FNDA:18,(anonymous_0)
FNDA:9,(anonymous_1)
FNDA:45,(anonymous_2)
FNDA:12,(anonymous_3)
FNDA:7,(anonymous_4)
FNDA:7,(anonymous_5)
FNDA:7,(anonymous_6)
FNDA:1,(anonymous_7)
FNDA:1,(anonymous_8)
FNDA:0,(anonymous_9)
FNDA:0,(anonymous_10)
FNDA:1,(anonymous_11)
DA:1,4
DA:30,4
DA:31,18
DA:32,18
DA:40,9
DA:41,45
DA:45,12
DA:46,4
DA:49,8
DA:50,1
DA:51,7
DA:52,2
DA:53,5
DA:54,3
DA:56,2
DA:61,7
DA:62,7
DA:64,7
DA:65,1
DA:66,1
DA:67,1
DA:70,7
DA:71,1
DA:72,1
DA:73,1
DA:76,7
DA:77,1
DA:78,1
DA:79,1
DA:82,7
DA:83,7
DA:88,7
DA:103,7
DA:112,1
DA:114,1
DA:115,0
DA:118,1
DA:119,1
DA:122,0
DA:124,0
DA:126,0
DA:128,0
DA:133,1
DA:134,3
DA:135,3
DA:136,3
DA:138,3
DA:140,3
DA:141,0
DA:145,1
DA:149,0
DA:150,0
DA:153,0
DA:154,0
DA:155,0
DA:157,0
DA:159,0
DA:160,0
DA:163,0
DA:164,0
DA:182,0
DA:186,1
DA:187,1
DA:189,1
DA:190,1
DA:191,1
DA:193,1
DA:204,1
DA:206,1
LF:69
LH:52
BRDA:39,0,0,0
BRDA:45,1,0,4
BRDA:45,2,0,12
BRDA:45,2,1,10
BRDA:45,2,2,9
BRDA:49,3,0,1
BRDA:49,3,1,7
BRDA:51,4,0,2
BRDA:51,4,1,5
BRDA:53,5,0,3
BRDA:53,5,1,2
BRDA:64,6,0,1
BRDA:64,7,0,7
BRDA:64,7,1,5
BRDA:70,8,0,1
BRDA:70,9,0,7
BRDA:70,9,1,3
BRDA:70,9,2,2
BRDA:76,10,0,1
BRDA:76,11,0,7
BRDA:76,11,1,2
BRDA:76,11,2,1
BRDA:82,12,0,2
BRDA:82,13,0,7
BRDA:82,13,1,3
BRDA:82,13,2,2
BRDA:87,14,0,0
BRDA:87,15,0,0
BRDA:114,16,0,0
BRDA:118,17,0,1
BRDA:118,18,0,1
BRDA:118,18,1,0
BRDA:122,19,0,0
BRDA:122,19,1,0
BRDA:122,19,2,0
BRDA:133,20,0,4
BRDA:133,20,1,3
BRDA:140,21,0,0
BRDA:140,22,0,3
BRDA:140,22,1,0
BRDA:140,22,2,0
BRDA:140,22,3,0
BRDA:149,23,0,0
BRDA:159,24,0,0
BRDA:159,25,0,0
BRDA:159,25,1,0
BRDA:159,25,2,0
BRDA:159,25,3,0
BRDA:159,25,4,0
BRDA:199,26,0,0
BRDA:199,26,1,1
BRF:51
BRH:31
end_of_record
TN:
SF:providers/SlotsProvider.ts
FN:32,(anonymous_0)
FN:62,(anonymous_1)
FN:65,(anonymous_2)
FN:78,(anonymous_3)
FN:88,(anonymous_4)
FN:89,(anonymous_5)
FN:92,(anonymous_6)
FN:110,(anonymous_7)
FN:137,(anonymous_8)
FN:162,(anonymous_9)
FN:202,(anonymous_10)
FN:219,(anonymous_11)
FN:237,(anonymous_12)
FN:242,(anonymous_13)
FN:247,(anonymous_14)
FN:252,(anonymous_15)
FN:257,(anonymous_16)
FNF:17
FNH:17
FNDA:28,(anonymous_0)
FNDA:34,(anonymous_1)
FNDA:40,(anonymous_2)
FNDA:34,(anonymous_3)
FNDA:8,(anonymous_4)
FNDA:34,(anonymous_5)
FNDA:54,(anonymous_6)
FNDA:33,(anonymous_7)
FNDA:100,(anonymous_8)
FNDA:34,(anonymous_9)
FNDA:173,(anonymous_10)
FNDA:691,(anonymous_11)
FNDA:4,(anonymous_12)
FNDA:1,(anonymous_13)
FNDA:1,(anonymous_14)
FNDA:1,(anonymous_15)
FNDA:3,(anonymous_16)
DA:1,4
DA:32,4
DA:33,28
DA:34,28
DA:41,28
DA:42,28
DA:44,28
DA:63,34
DA:65,4
DA:66,40
DA:68,8
DA:70,32
DA:72,4
DA:74,28
DA:79,34
DA:80,34
DA:81,332
DA:82,29191
DA:85,34
DA:89,34
DA:93,54
DA:102,54
DA:111,33
DA:113,33
DA:114,33
DA:116,33
DA:123,33
DA:124,33
DA:126,33
DA:127,165
DA:128,165
DA:129,495
DA:130,495
DA:131,495
DA:133,165
DA:136,33
DA:137,100
DA:138,33
DA:140,33
DA:142,33
DA:150,33
DA:151,33
DA:153,33
DA:163,34
DA:166,34
DA:167,102
DA:168,102
DA:169,510
DA:172,102
DA:173,102
DA:174,83
DA:179,34
DA:180,34
DA:181,34
DA:183,34
DA:184,102
DA:185,102
DA:188,34
DA:189,34
DA:190,5
DA:193,34
DA:194,34
DA:195,15
DA:199,34
DA:203,173
DA:205,173
DA:206,173
DA:208,173
DA:209,203
DA:210,34
DA:212,169
DA:217,173
DA:218,165
DA:219,691
DA:221,165
DA:222,97
DA:226,76
DA:227,8
DA:228,8
DA:229,8
DA:233,68
DA:238,4
DA:243,1
DA:248,1
DA:253,1
DA:258,3
LF:86
LH:86
BRDA:63,0,0,30
BRDA:66,1,0,8
BRDA:66,2,0,40
BRDA:66,2,1,12
BRDA:70,3,0,4
BRDA:70,4,0,32
BRDA:70,4,1,4
BRDA:92,5,0,0
BRDA:92,6,0,0
BRDA:173,7,0,83
BRDA:179,8,0,34
BRDA:189,9,0,5
BRDA:194,10,0,15
BRDA:203,11,0,0
BRDA:209,12,0,34
BRDA:209,12,1,169
BRDA:217,13,0,165
BRDA:221,14,0,97
BRDA:226,15,0,8
BRDA:228,16,0,8
BRDA:228,17,0,8
BRDA:228,17,1,8
BRDA:237,18,0,0
BRDA:237,19,0,0
BRF:24
BRH:19
end_of_record
TN:
SF:routes/auth.ts
FN:35,(anonymous_1)
FN:94,(anonymous_2)
FN:159,(anonymous_3)
FN:186,(anonymous_4)
FNF:4
FNH:0
FNDA:0,(anonymous_1)
FNDA:0,(anonymous_2)
FNDA:0,(anonymous_3)
FNDA:0,(anonymous_4)
DA:1,1
DA:2,1
DA:3,1
DA:4,1
DA:5,1
DA:6,1
DA:7,1
DA:12,1
DA:13,1
DA:15,1
DA:32,1
DA:36,0
DA:37,0
DA:38,0
DA:40,0
DA:41,0
DA:42,0
DA:44,0
DA:45,0
DA:46,0
DA:51,0
DA:91,1
DA:95,0
DA:96,0
DA:97,0
DA:102,0
DA:107,0
DA:108,0
DA:115,0
DA:118,0
DA:119,0
DA:123,0
DA:126,0
DA:127,0
DA:133,0
DA:134,0
DA:138,0
DA:140,0
DA:141,0
DA:142,0
DA:143,0
DA:144,0
DA:148,0
DA:149,0
DA:157,0
DA:159,0
DA:160,0
DA:164,0
DA:173,0
DA:177,0
DA:178,0
DA:183,1
DA:187,0
DA:188,0
DA:189,0
DA:200,0
DA:206,0
DA:211,1
LF:58
LH:14
BRDA:40,0,0,0
BRDA:107,1,0,0
BRDA:118,2,0,0
BRDA:133,3,0,0
BRDA:142,4,0,0
BRDA:148,5,0,0
BRDA:148,5,1,0
BRDA:188,6,0,0
BRF:8
BRH:0
end_of_record
TN:
SF:routes/games.ts
FN:42,(anonymous_1)
FN:98,(anonymous_2)
FN:203,(anonymous_3)
FN:278,(anonymous_4)
FN:351,(anonymous_5)
FN:430,(anonymous_6)
FNF:6
FNH:6
FNDA:1,(anonymous_1)
FNDA:79,(anonymous_2)
FNDA:44,(anonymous_3)
FNDA:4,(anonymous_4)
FNDA:6,(anonymous_5)
FNDA:5,(anonymous_6)
DA:1,1
DA:2,1
DA:3,1
DA:4,1
DA:7,1
DA:39,1
DA:43,1
DA:44,1
DA:45,1
DA:50,0
DA:95,1
DA:99,79
DA:100,79
DA:102,79
DA:109,79
DA:115,79
DA:116,3
DA:121,3
DA:124,76
DA:125,76
DA:126,0
DA:131,0
DA:134,76
DA:141,76
DA:146,76
DA:152,75
DA:156,75
DA:158,1
DA:203,1
DA:204,44
DA:205,44
DA:207,44
DA:216,44
DA:217,44
DA:218,1
DA:223,1
DA:226,43
DA:227,43
DA:228,0
DA:232,0
DA:235,43
DA:240,43
DA:242,40
DA:247,3
DA:275,1
DA:279,4
DA:280,4
DA:282,4
DA:283,0
DA:287,0
DA:290,4
DA:291,4
DA:292,0
DA:296,0
DA:299,4
DA:301,3
DA:302,2
DA:306,2
DA:309,1
DA:314,1
DA:348,1
DA:352,6
DA:353,6
DA:355,6
DA:360,6
DA:361,6
DA:362,2
DA:367,2
DA:370,4
DA:371,4
DA:372,0
DA:376,0
DA:379,4
DA:385,4
DA:390,0
DA:427,1
DA:431,5
DA:432,5
DA:433,5
DA:435,5
DA:436,0
DA:440,0
DA:443,5
DA:444,5
DA:445,0
DA:449,0
DA:452,5
DA:454,2
DA:459,2
DA:461,3
DA:465,3
DA:470,1
LF:92
LH:76
BRDA:52,0,0,0
BRDA:52,0,1,0
BRDA:115,1,0,3
BRDA:125,2,0,0
BRDA:142,3,0,76
BRDA:142,3,1,0
BRDA:160,4,0,1
BRDA:160,4,1,0
BRDA:217,5,0,1
BRDA:227,6,0,0
BRDA:249,7,0,3
BRDA:249,7,1,0
BRDA:282,8,0,0
BRDA:291,9,0,0
BRDA:301,10,0,2
BRDA:316,11,0,1
BRDA:316,11,1,0
BRDA:361,12,0,2
BRDA:371,13,0,0
BRDA:382,14,0,1
BRDA:382,14,1,3
BRDA:392,15,0,0
BRDA:392,15,1,0
BRDA:435,16,0,0
BRDA:444,17,0,0
BRDA:463,18,0,3
BRDA:463,18,1,0
BRF:27
BRH:11
end_of_record
TN:
SF:services/GameEngine.ts
FN:14,(anonymous_1)
FN:17,(anonymous_2)
FN:83,(anonymous_3)
FN:167,(anonymous_4)
FN:203,(anonymous_5)
FN:225,(anonymous_6)
FN:253,(anonymous_7)
FN:255,(anonymous_8)
FN:261,(anonymous_9)
FN:275,(anonymous_10)
FNF:10
FNH:10
FNDA:2,(anonymous_1)
FNDA:155,(anonymous_2)
FNDA:85,(anonymous_3)
FNDA:8,(anonymous_4)
FNDA:9,(anonymous_5)
FNDA:37,(anonymous_6)
FNDA:2,(anonymous_7)
FNDA:8,(anonymous_8)
FNDA:256,(anonymous_9)
FNDA:10,(anonymous_10)
DA:1,2
DA:2,2
DA:3,2
DA:12,2
DA:14,2
DA:15,2
DA:22,155
DA:23,155
DA:24,1
DA:27,154
DA:29,154
DA:30,3
DA:31,3
DA:36,151
DA:37,151
DA:38,151
DA:40,151
DA:47,151
DA:64,150
DA:66,150
DA:75,5
DA:87,85
DA:88,85
DA:93,85
DA:94,2
DA:97,83
DA:98,2
DA:101,81
DA:102,2
DA:105,79
DA:106,1
DA:107,1
DA:110,78
DA:111,78
DA:113,78
DA:114,5
DA:115,5
DA:121,5
DA:122,1
DA:126,77
DA:128,77
DA:134,77
DA:135,75
DA:141,75
DA:148,77
DA:159,8
DA:171,8
DA:172,8
DA:177,8
DA:178,3
DA:181,5
DA:182,2
DA:185,3
DA:195,2
DA:208,9
DA:211,9
DA:212,2
DA:217,7
DA:225,37
DA:245,0
DA:254,2
DA:255,8
DA:262,256
DA:264,256
DA:266,256
DA:267,256
DA:268,256
DA:269,256
DA:272,256
DA:280,10
DA:281,10
DA:286,10
DA:287,2
DA:290,8
DA:291,2
DA:294,6
DA:295,2
DA:298,4
DA:299,4
DA:301,6
DA:310,2
LF:81
LH:80
BRDA:23,0,0,1
BRDA:29,1,0,3
BRDA:37,2,0,151
BRDA:37,2,1,59
BRDA:77,3,0,5
BRDA:77,3,1,0
BRDA:93,4,0,2
BRDA:97,5,0,2
BRDA:101,6,0,2
BRDA:101,7,0,81
BRDA:101,7,1,79
BRDA:105,8,0,1
BRDA:113,9,0,5
BRDA:114,10,0,5
BRDA:114,10,1,0
BRDA:121,11,0,1
BRDA:131,12,0,75
BRDA:131,12,1,2
BRDA:134,13,0,75
BRDA:153,14,0,75
BRDA:153,14,1,2
BRDA:154,15,0,75
BRDA:154,15,1,2
BRDA:161,16,0,8
BRDA:161,16,1,0
BRDA:177,17,0,3
BRDA:181,18,0,2
BRDA:197,19,0,2
BRDA:197,19,1,0
BRDA:206,20,0,4
BRDA:211,21,0,2
BRDA:211,21,1,7
BRDA:230,22,0,37
BRDA:230,22,1,0
BRDA:239,23,0,26
BRDA:239,23,1,11
BRDA:247,24,0,0
BRDA:247,24,1,0
BRDA:262,25,0,0
BRDA:266,26,0,256
BRDA:286,27,0,2
BRDA:290,28,0,2
BRDA:294,29,0,2
BRDA:303,30,0,6
BRDA:303,30,1,0
BRF:45
BRH:36
end_of_record
TN:
SF:services/GameSession.ts
FN:12,(anonymous_0)
FN:16,(anonymous_1)
FN:30,(anonymous_2)
FN:44,(anonymous_3)
FN:68,(anonymous_4)
FN:96,(anonymous_5)
FN:105,(anonymous_6)
FN:130,(anonymous_7)
FN:167,(anonymous_8)
FN:199,(anonymous_9)
FN:220,(anonymous_10)
FN:238,(anonymous_11)
FN:249,(anonymous_12)
FN:263,(anonymous_13)
FN:277,(anonymous_14)
FN:298,(anonymous_15)
FN:348,(anonymous_16)
FNF:17
FNH:17
FNDA:3,(anonymous_0)
FNDA:3,(anonymous_1)
FNDA:105,(anonymous_2)
FNDA:2,(anonymous_3)
FNDA:5,(anonymous_4)
FNDA:154,(anonymous_5)
FNDA:155,(anonymous_6)
FNDA:77,(anonymous_7)
FNDA:7,(anonymous_8)
FNDA:9,(anonymous_9)
FNDA:11,(anonymous_10)
FNDA:1,(anonymous_11)
FNDA:2,(anonymous_12)
FNDA:1,(anonymous_13)
FNDA:1,(anonymous_14)
FNDA:3,(anonymous_15)
FNDA:2,(anonymous_16)
DA:1,3
DA:7,3
DA:13,3
DA:20,3
DA:21,3
DA:22,1
DA:24,2
DA:26,0
DA:34,105
DA:35,105
DA:36,0
DA:38,105
DA:40,0
DA:48,2
DA:49,2
DA:50,0
DA:58,2
DA:64,0
DA:73,5
DA:74,5
DA:75,0
DA:83,5
DA:90,0
DA:97,154
DA:98,154
DA:99,154
DA:101,0
DA:110,155
DA:111,155
DA:112,0
DA:120,155
DA:126,0
DA:135,77
DA:136,77
DA:137,0
DA:151,77
DA:163,0
DA:172,7
DA:173,7
DA:178,7
DA:179,5
DA:188,7
DA:189,0
DA:193,7
DA:195,0
DA:204,9
DA:205,9
DA:206,9
DA:207,1
DA:210,8
DA:211,8
DA:212,6
DA:214,8
DA:216,1
DA:225,11
DA:226,11
DA:227,11
DA:228,0
DA:231,11
DA:232,11
DA:234,0
DA:239,1
DA:240,1
DA:245,0
DA:250,2
DA:251,2
DA:259,0
DA:264,1
DA:265,1
DA:273,0
DA:281,1
DA:282,1
DA:294,0
DA:299,3
DA:300,3
DA:301,3
DA:302,2
DA:305,3
DA:334,3
DA:344,0
DA:349,2
DA:350,2
DA:352,0
DA:357,3
LF:84
LH:62
BRDA:18,0,0,2
BRDA:21,1,0,1
BRDA:32,2,0,2
BRDA:35,3,0,0
BRDA:46,4,0,2
BRDA:49,5,0,0
BRDA:71,6,0,5
BRDA:74,7,0,0
BRDA:108,8,0,155
BRDA:111,9,0,0
BRDA:133,10,0,77
BRDA:136,11,0,0
BRDA:170,12,0,7
BRDA:178,13,0,5
BRDA:188,14,0,0
BRDA:206,15,0,1
BRDA:211,16,0,6
BRDA:227,17,0,0
BRDA:249,18,0,1
BRDA:301,19,0,2
BRDA:335,20,0,3
BRDA:335,20,1,1
BRF:22
BRH:15
end_of_record
TN:
SF:services/User.ts
FN:5,(anonymous_0)
FN:9,(anonymous_1)
FN:17,(anonymous_2)
FN:27,(anonymous_3)
FN:35,(anonymous_4)
FNF:5
FNH:1
FNDA:1,(anonymous_0)
FNDA:0,(anonymous_1)
FNDA:0,(anonymous_2)
FNDA:0,(anonymous_3)
FNDA:0,(anonymous_4)
DA:1,1
DA:6,1
DA:10,0
DA:11,0
DA:13,0
DA:20,0
DA:21,0
DA:23,0
DA:28,0
DA:29,0
DA:31,0
DA:36,0
DA:37,0
DA:38,0
DA:40,0
DA:45,1
LF:16
LH:3
BRF:0
BRH:0
end_of_record
TN:
SF:services/api/auth/auth.ts
FN:17,(anonymous_0)
FN:48,(anonymous_1)
FN:68,(anonymous_2)
FN:85,(anonymous_3)
FN:108,(anonymous_4)
FN:109,(anonymous_5)
FN:120,(anonymous_6)
FNF:7
FNH:2
FNDA:150,(anonymous_0)
FNDA:141,(anonymous_1)
FNDA:0,(anonymous_2)
FNDA:0,(anonymous_3)
FNDA:0,(anonymous_4)
FNDA:0,(anonymous_5)
FNDA:0,(anonymous_6)
DA:9,1
DA:10,1
DA:17,1
DA:18,150
DA:19,150
DA:20,8
DA:23,8
DA:26,142
DA:27,142
DA:29,142
DA:30,1
DA:33,1
DA:36,141
DA:38,141
DA:39,0
DA:40,0
DA:43,141
DA:44,0
DA:45,0
DA:48,141
DA:49,141
DA:50,2
DA:51,2
DA:53,139
DA:54,0
DA:55,0
DA:57,139
DA:58,139
DA:59,139
DA:63,0
DA:64,0
DA:68,1
DA:73,0
DA:74,0
DA:76,0
DA:78,0
DA:79,0
DA:80,0
DA:82,0
DA:85,1
DA:90,0
DA:91,0
DA:93,0
DA:95,0
DA:96,0
DA:97,0
DA:99,0
DA:107,1
DA:108,1
DA:109,0
DA:110,0
DA:115,0
DA:117,0
DA:120,0
DA:128,0
DA:131,0
LF:56
LH:27
BRDA:19,0,0,8
BRDA:29,1,0,1
BRDA:38,2,0,0
BRDA:43,3,0,0
BRDA:49,4,0,2
BRDA:53,5,0,0
BRDA:53,5,1,139
BRDA:73,6,0,0
BRDA:78,7,0,0
BRDA:90,8,0,0
BRDA:95,9,0,0
BRDA:108,10,0,0
BRDA:115,11,0,0
BRF:13
BRH:4
end_of_record
TN:
SF:services/logger/pinoLogger.ts
FN:15,(anonymous_1)
FN:28,(anonymous_2)
FN:42,(anonymous_3)
FN:46,(anonymous_4)
FN:50,(anonymous_5)
FN:54,(anonymous_6)
FNF:6
FNH:0
FNDA:0,(anonymous_1)
FNDA:0,(anonymous_2)
FNDA:0,(anonymous_3)
FNDA:0,(anonymous_4)
FNDA:0,(anonymous_5)
FNDA:0,(anonymous_6)
DA:1,0
DA:16,0
DA:18,0
DA:20,0
DA:21,0
DA:23,0
DA:24,0
DA:32,0
DA:34,0
DA:35,0
DA:37,0
DA:38,0
DA:43,0
DA:47,0
DA:51,0
DA:55,0
DA:59,0
LF:17
LH:0
BRDA:16,0,0,0
BRDA:16,0,1,0
BRDA:18,1,0,0
BRDA:18,1,1,0
BRDA:20,2,0,0
BRDA:20,2,1,0
BRDA:32,3,0,0
BRDA:32,3,1,0
BRF:8
BRH:0
end_of_record
TN:
SF:utils/secureRandomness.ts
FN:3,secureRandomString
FN:15,generateSecureSeed
FN:19,createServerSeedHash
FNF:3
FNH:3
FNDA:1498,secureRandomString
FNDA:1193,generateSecureSeed
FNDA:1296,createServerSeedHash
DA:1,4
DA:3,4
DA:4,1498
DA:5,1498
DA:6,1498
DA:8,1498
DA:9,20637
DA:12,1498
DA:15,4
DA:16,1193
DA:19,4
DA:20,1296
LF:12
LH:12
BRF:0
BRH:0
end_of_record
