TN:
SF:factories/GameFactory.ts
FN:15,(anonymous_0)
FN:22,(anonymous_1)
FN:30,(anonymous_2)
FN:34,(anonymous_3)
FN:38,(anonymous_4)
FN:9,(anonymous_5)
FNF:6
FNH:6
FNDA:18,(anonymous_0)
FNDA:369,(anonymous_1)
FNDA:10,(anonymous_2)
FNDA:168,(anonymous_3)
FNDA:18,(anonymous_4)
FNDA:3,(anonymous_5)
DA:2,3
DA:3,3
DA:4,3
DA:6,3
DA:7,3
DA:9,3
DA:10,3
DA:11,3
DA:12,3
DA:16,18
DA:17,6
DA:19,12
DA:23,369
DA:24,369
DA:25,2
DA:27,367
DA:31,10
DA:35,168
DA:39,18
DA:40,17
DA:44,3
LF:21
LH:21
BRDA:16,0,0,6
BRDA:16,1,0,18
BRDA:16,1,1,15
BRDA:16,1,2,13
BRDA:24,2,0,2
BRF:5
BRH:5
end_of_record
TN:
SF:providers/BaseGameProvider.ts
FN:8,(anonymous_9)
FN:12,(anonymous_10)
FN:16,(anonymous_11)
FN:23,(anonymous_12)
FNF:4
FNH:4
FNDA:184,(anonymous_9)
FNDA:192,(anonymous_10)
FNDA:13953,(anonymous_11)
FNDA:328,(anonymous_12)
DA:2,6
DA:4,6
DA:9,184
DA:13,192
DA:17,13953
DA:18,13953
DA:19,13953
DA:20,13953
DA:24,328
DA:25,328
DA:26,13911
DA:28,328
LF:12
LH:12
BRDA:9,0,0,184
BRDA:9,0,1,174
BRDA:16,1,0,0
BRDA:16,2,0,0
BRDA:23,3,0,0
BRDA:23,4,0,0
BRDA:23,5,0,0
BRF:7
BRH:2
end_of_record
TN:
SF:providers/BlackjackProvider.ts
FN:34,(anonymous_0)
FN:43,(anonymous_1)
FN:54,(anonymous_2)
FN:66,(anonymous_3)
FN:87,(anonymous_4)
FN:91,(anonymous_5)
FN:122,(anonymous_6)
FN:141,(anonymous_7)
FN:160,(anonymous_8)
FN:191,(anonymous_9)
FN:195,(anonymous_10)
FN:211,(anonymous_11)
FN:231,(anonymous_12)
FNF:13
FNH:13
FNDA:25,(anonymous_0)
FNDA:243,(anonymous_1)
FNDA:243,(anonymous_2)
FNDA:619,(anonymous_3)
FNDA:29,(anonymous_4)
FNDA:243,(anonymous_5)
FNDA:60,(anonymous_6)
FNDA:25,(anonymous_7)
FNDA:5,(anonymous_8)
FNDA:28,(anonymous_9)
FNDA:2,(anonymous_10)
FNDA:49,(anonymous_11)
FNDA:56,(anonymous_12)
DA:1,4
DA:34,4
DA:35,25
DA:36,25
DA:44,243
DA:45,243
DA:46,972
DA:47,12636
DA:48,12636
DA:51,243
DA:55,243
DA:56,243
DA:58,243
DA:59,12393
DA:60,12393
DA:63,243
DA:67,619
DA:68,619
DA:70,619
DA:71,1056
DA:72,98
DA:73,98
DA:75,958
DA:79,619
DA:80,12
DA:81,12
DA:84,619
DA:88,29
DA:92,243
DA:93,243
DA:95,243
DA:96,243
DA:97,243
DA:99,243
DA:114,243
DA:123,60
DA:125,60
DA:126,25
DA:129,35
DA:131,5
DA:133,28
DA:135,2
DA:137,0
DA:142,25
DA:143,4
DA:144,4
DA:146,4
DA:147,0
DA:149,4
DA:153,21
DA:154,1
DA:157,20
DA:161,5
DA:162,0
DA:165,5
DA:166,5
DA:167,5
DA:169,5
DA:170,2
DA:173,3
DA:174,3
DA:192,28
DA:196,2
DA:197,1
DA:200,1
DA:201,1
DA:202,1
DA:204,1
DA:205,0
DA:208,1
DA:212,49
DA:213,49
DA:215,49
DA:216,46
DA:217,46
DA:220,49
DA:221,20
DA:222,29
DA:223,3
DA:224,26
DA:225,25
DA:227,1
DA:232,56
DA:233,56
DA:235,56
DA:236,56
DA:238,56
DA:240,4
DA:241,4
DA:242,4
DA:244,23
DA:245,23
DA:246,23
DA:248,1
DA:249,1
DA:250,1
DA:252,28
DA:253,28
DA:254,28
DA:257,56
DA:259,56
DA:268,56
DA:270,56
LF:103
LH:99
BRDA:47,0,0,2916
BRDA:47,0,1,9720
BRDA:71,1,0,98
BRDA:71,1,1,958
BRDA:79,2,0,631
BRDA:79,2,1,34
BRDA:88,3,0,29
BRDA:88,3,1,28
BRDA:91,4,0,0
BRDA:91,5,0,0
BRDA:125,6,0,25
BRDA:125,7,0,60
BRDA:125,7,1,35
BRDA:129,8,0,5
BRDA:129,8,1,28
BRDA:129,8,2,2
BRDA:129,8,3,0
BRDA:142,9,0,4
BRDA:146,10,0,0
BRDA:146,10,1,4
BRDA:153,11,0,1
BRDA:161,12,0,0
BRDA:169,13,0,2
BRDA:196,14,0,1
BRDA:204,15,0,0
BRDA:220,16,0,20
BRDA:220,16,1,29
BRDA:222,17,0,3
BRDA:222,17,1,26
BRDA:224,18,0,25
BRDA:224,18,1,1
BRDA:238,19,0,4
BRDA:238,19,1,23
BRDA:238,19,2,1
BRDA:238,19,3,28
BRF:35
BRH:29
end_of_record
TN:
SF:providers/DiceProvider.ts
FN:20,(anonymous_0)
FN:29,(anonymous_1)
FN:47,(anonymous_2)
FNF:3
FNH:3
FNDA:22,(anonymous_0)
FNDA:87,(anonymous_1)
FNDA:42,(anonymous_2)
DA:1,4
DA:20,4
DA:21,22
DA:22,22
DA:30,87
DA:39,87
DA:48,42
DA:50,42
DA:51,9
DA:52,8
DA:54,9
DA:55,6
DA:59,42
DA:60,42
DA:62,42
DA:64,42
DA:65,42
DA:67,42
DA:68,42
DA:70,42
DA:77,42
DA:78,42
DA:80,42
LF:23
LH:23
BRDA:29,0,0,1
BRDA:29,1,0,1
BRDA:50,2,0,9
BRDA:51,3,0,8
BRDA:54,4,0,6
BRDA:62,5,0,39
BRDA:62,5,1,3
BRDA:64,6,0,39
BRDA:64,6,1,3
BRDA:67,7,0,24
BRDA:67,7,1,18
BRF:11
BRH:11
end_of_record
TN:
SF:providers/SlotsProvider.ts
FN:19,(anonymous_0)
FN:43,(anonymous_1)
FN:60,(anonymous_2)
FN:84,(anonymous_3)
FN:108,(anonymous_4)
FN:126,(anonymous_5)
FNF:6
FNH:6
FNDA:21,(anonymous_0)
FNDA:108,(anonymous_1)
FNDA:85,(anonymous_2)
FNDA:1,(anonymous_3)
FNDA:85,(anonymous_4)
FNDA:255,(anonymous_5)
DA:1,4
DA:19,4
DA:20,21
DA:21,21
DA:28,21
DA:29,21
DA:30,21
DA:32,21
DA:44,108
DA:52,108
DA:61,85
DA:63,85
DA:70,85
DA:71,85
DA:73,85
DA:74,425
DA:75,425
DA:76,1275
DA:77,1275
DA:78,1275
DA:80,425
DA:83,85
DA:84,85
DA:85,85
DA:87,85
DA:89,85
DA:96,85
DA:97,85
DA:99,85
DA:109,85
DA:111,85
DA:112,255
DA:113,255
DA:114,1275
DA:117,255
DA:118,255
DA:119,1
DA:123,85
DA:127,255
DA:129,255
DA:130,255
DA:132,255
DA:133,290
DA:134,35
DA:136,255
DA:140,255
DA:141,1
DA:142,1
DA:143,1
DA:147,254
LF:50
LH:50
BRDA:43,0,0,2
BRDA:43,1,0,2
BRDA:118,2,0,1
BRDA:127,3,0,0
BRDA:133,4,0,35
BRDA:133,4,1,255
BRDA:140,5,0,1
BRDA:142,6,0,1
BRDA:142,7,0,1
BRDA:142,7,1,1
BRF:10
BRH:9
end_of_record
TN:
SF:routes/auth.ts
FN:35,(anonymous_1)
FN:94,(anonymous_2)
FN:159,(anonymous_3)
FN:186,(anonymous_4)
FNF:4
FNH:0
FNDA:0,(anonymous_1)
FNDA:0,(anonymous_2)
FNDA:0,(anonymous_3)
FNDA:0,(anonymous_4)
DA:1,1
DA:2,1
DA:3,1
DA:4,1
DA:5,1
DA:6,1
DA:7,1
DA:12,1
DA:13,1
DA:15,1
DA:32,1
DA:36,0
DA:37,0
DA:38,0
DA:40,0
DA:41,0
DA:42,0
DA:44,0
DA:45,0
DA:46,0
DA:51,0
DA:91,1
DA:95,0
DA:96,0
DA:97,0
DA:102,0
DA:107,0
DA:108,0
DA:115,0
DA:118,0
DA:119,0
DA:123,0
DA:126,0
DA:127,0
DA:133,0
DA:134,0
DA:138,0
DA:140,0
DA:141,0
DA:142,0
DA:143,0
DA:144,0
DA:148,0
DA:149,0
DA:157,0
DA:159,0
DA:160,0
DA:164,0
DA:173,0
DA:177,0
DA:178,0
DA:183,1
DA:187,0
DA:188,0
DA:189,0
DA:200,0
DA:206,0
DA:211,1
LF:58
LH:14
BRDA:40,0,0,0
BRDA:107,1,0,0
BRDA:118,2,0,0
BRDA:133,3,0,0
BRDA:142,4,0,0
BRDA:148,5,0,0
BRDA:148,5,1,0
BRDA:188,6,0,0
BRF:8
BRH:0
end_of_record
TN:
SF:routes/games.ts
FN:42,(anonymous_1)
FN:98,(anonymous_2)
FN:203,(anonymous_3)
FN:278,(anonymous_4)
FN:351,(anonymous_5)
FN:430,(anonymous_6)
FNF:6
FNH:6
FNDA:1,(anonymous_1)
FNDA:79,(anonymous_2)
FNDA:44,(anonymous_3)
FNDA:4,(anonymous_4)
FNDA:6,(anonymous_5)
FNDA:5,(anonymous_6)
DA:1,1
DA:2,1
DA:3,1
DA:4,1
DA:7,1
DA:39,1
DA:43,1
DA:44,1
DA:45,1
DA:50,0
DA:95,1
DA:99,79
DA:100,79
DA:102,79
DA:109,79
DA:115,79
DA:116,3
DA:121,3
DA:124,76
DA:125,76
DA:126,0
DA:131,0
DA:134,76
DA:141,76
DA:146,76
DA:152,75
DA:156,75
DA:158,1
DA:203,1
DA:204,44
DA:205,44
DA:207,44
DA:216,44
DA:217,44
DA:218,1
DA:223,1
DA:226,43
DA:227,43
DA:228,0
DA:232,0
DA:235,43
DA:240,43
DA:242,40
DA:247,3
DA:275,1
DA:279,4
DA:280,4
DA:282,4
DA:283,0
DA:287,0
DA:290,4
DA:291,4
DA:292,0
DA:296,0
DA:299,4
DA:301,3
DA:302,2
DA:306,2
DA:309,1
DA:314,1
DA:348,1
DA:352,6
DA:353,6
DA:355,6
DA:360,6
DA:361,6
DA:362,2
DA:367,2
DA:370,4
DA:371,4
DA:372,0
DA:376,0
DA:379,4
DA:385,4
DA:390,0
DA:427,1
DA:431,5
DA:432,5
DA:433,5
DA:435,5
DA:436,0
DA:440,0
DA:443,5
DA:444,5
DA:445,0
DA:449,0
DA:452,5
DA:454,2
DA:459,2
DA:461,3
DA:465,3
DA:470,1
LF:92
LH:76
BRDA:52,0,0,0
BRDA:52,0,1,0
BRDA:115,1,0,3
BRDA:125,2,0,0
BRDA:142,3,0,76
BRDA:142,3,1,0
BRDA:160,4,0,1
BRDA:160,4,1,0
BRDA:217,5,0,1
BRDA:227,6,0,0
BRDA:249,7,0,3
BRDA:249,7,1,0
BRDA:282,8,0,0
BRDA:291,9,0,0
BRDA:301,10,0,2
BRDA:316,11,0,1
BRDA:316,11,1,0
BRDA:361,12,0,2
BRDA:371,13,0,0
BRDA:382,14,0,1
BRDA:382,14,1,3
BRDA:392,15,0,0
BRDA:392,15,1,0
BRDA:435,16,0,0
BRDA:444,17,0,0
BRDA:463,18,0,3
BRDA:463,18,1,0
BRF:27
BRH:11
end_of_record
TN:
SF:services/GameEngine.ts
FN:14,(anonymous_1)
FN:17,(anonymous_2)
FN:83,(anonymous_3)
FN:167,(anonymous_4)
FN:203,(anonymous_5)
FN:225,(anonymous_6)
FN:253,(anonymous_7)
FN:255,(anonymous_8)
FN:261,(anonymous_9)
FN:275,(anonymous_10)
FNF:10
FNH:10
FNDA:2,(anonymous_1)
FNDA:155,(anonymous_2)
FNDA:85,(anonymous_3)
FNDA:8,(anonymous_4)
FNDA:9,(anonymous_5)
FNDA:37,(anonymous_6)
FNDA:2,(anonymous_7)
FNDA:6,(anonymous_8)
FNDA:256,(anonymous_9)
FNDA:10,(anonymous_10)
DA:1,2
DA:2,2
DA:3,2
DA:12,2
DA:14,2
DA:15,2
DA:22,155
DA:23,155
DA:24,1
DA:27,154
DA:29,154
DA:30,3
DA:31,3
DA:36,151
DA:37,151
DA:38,151
DA:40,151
DA:47,151
DA:64,150
DA:66,150
DA:75,5
DA:87,85
DA:88,85
DA:93,85
DA:94,2
DA:97,83
DA:98,2
DA:101,81
DA:102,3
DA:105,78
DA:106,1
DA:107,1
DA:110,77
DA:111,77
DA:113,77
DA:114,4
DA:115,4
DA:121,4
DA:122,0
DA:126,77
DA:128,77
DA:134,77
DA:135,76
DA:141,76
DA:148,77
DA:159,8
DA:171,8
DA:172,8
DA:177,8
DA:178,3
DA:181,5
DA:182,2
DA:185,3
DA:195,2
DA:208,9
DA:211,9
DA:212,2
DA:217,7
DA:225,37
DA:245,0
DA:254,2
DA:255,6
DA:262,256
DA:264,256
DA:266,256
DA:267,256
DA:268,256
DA:269,256
DA:272,256
DA:280,10
DA:281,10
DA:286,10
DA:287,2
DA:290,8
DA:291,2
DA:294,6
DA:295,2
DA:298,4
DA:299,4
DA:301,6
DA:310,2
LF:81
LH:79
BRDA:23,0,0,1
BRDA:29,1,0,3
BRDA:37,2,0,151
BRDA:37,2,1,59
BRDA:77,3,0,5
BRDA:77,3,1,0
BRDA:93,4,0,2
BRDA:97,5,0,2
BRDA:101,6,0,3
BRDA:101,7,0,81
BRDA:101,7,1,78
BRDA:105,8,0,1
BRDA:113,9,0,4
BRDA:114,10,0,4
BRDA:114,10,1,0
BRDA:121,11,0,0
BRDA:131,12,0,76
BRDA:131,12,1,1
BRDA:134,13,0,76
BRDA:153,14,0,76
BRDA:153,14,1,1
BRDA:154,15,0,76
BRDA:154,15,1,1
BRDA:161,16,0,8
BRDA:161,16,1,0
BRDA:177,17,0,3
BRDA:181,18,0,2
BRDA:197,19,0,2
BRDA:197,19,1,0
BRDA:206,20,0,4
BRDA:211,21,0,2
BRDA:211,21,1,7
BRDA:230,22,0,37
BRDA:230,22,1,0
BRDA:239,23,0,26
BRDA:239,23,1,11
BRDA:247,24,0,0
BRDA:247,24,1,0
BRDA:262,25,0,0
BRDA:266,26,0,256
BRDA:286,27,0,2
BRDA:290,28,0,2
BRDA:294,29,0,2
BRDA:303,30,0,6
BRDA:303,30,1,0
BRF:45
BRH:35
end_of_record
TN:
SF:services/GameSession.ts
FN:12,(anonymous_0)
FN:16,(anonymous_1)
FN:30,(anonymous_2)
FN:44,(anonymous_3)
FN:68,(anonymous_4)
FN:96,(anonymous_5)
FN:105,(anonymous_6)
FN:130,(anonymous_7)
FN:167,(anonymous_8)
FN:199,(anonymous_9)
FN:220,(anonymous_10)
FN:238,(anonymous_11)
FN:249,(anonymous_12)
FN:263,(anonymous_13)
FN:277,(anonymous_14)
FN:298,(anonymous_15)
FN:348,(anonymous_16)
FNF:17
FNH:17
FNDA:3,(anonymous_0)
FNDA:3,(anonymous_1)
FNDA:105,(anonymous_2)
FNDA:2,(anonymous_3)
FNDA:5,(anonymous_4)
FNDA:154,(anonymous_5)
FNDA:156,(anonymous_6)
FNDA:78,(anonymous_7)
FNDA:7,(anonymous_8)
FNDA:8,(anonymous_9)
FNDA:11,(anonymous_10)
FNDA:1,(anonymous_11)
FNDA:2,(anonymous_12)
FNDA:1,(anonymous_13)
FNDA:1,(anonymous_14)
FNDA:3,(anonymous_15)
FNDA:2,(anonymous_16)
DA:1,3
DA:7,3
DA:13,3
DA:20,3
DA:21,3
DA:22,1
DA:24,2
DA:26,0
DA:34,105
DA:35,105
DA:36,0
DA:38,105
DA:40,0
DA:48,2
DA:49,2
DA:50,0
DA:58,2
DA:64,0
DA:73,5
DA:74,5
DA:75,0
DA:83,5
DA:90,0
DA:97,154
DA:98,154
DA:99,154
DA:101,0
DA:110,156
DA:111,156
DA:112,0
DA:120,156
DA:126,0
DA:135,78
DA:136,78
DA:137,0
DA:151,78
DA:163,0
DA:172,7
DA:173,7
DA:178,7
DA:179,5
DA:188,7
DA:189,0
DA:193,7
DA:195,0
DA:204,8
DA:205,8
DA:206,8
DA:207,1
DA:210,7
DA:211,7
DA:212,6
DA:214,7
DA:216,1
DA:225,11
DA:226,11
DA:227,11
DA:228,0
DA:231,11
DA:232,11
DA:234,0
DA:239,1
DA:240,1
DA:245,0
DA:250,2
DA:251,2
DA:259,0
DA:264,1
DA:265,1
DA:273,0
DA:281,1
DA:282,1
DA:294,0
DA:299,3
DA:300,3
DA:301,3
DA:302,2
DA:305,3
DA:334,3
DA:344,0
DA:349,2
DA:350,2
DA:352,0
DA:357,3
LF:84
LH:62
BRDA:18,0,0,2
BRDA:21,1,0,1
BRDA:32,2,0,2
BRDA:35,3,0,0
BRDA:46,4,0,2
BRDA:49,5,0,0
BRDA:71,6,0,5
BRDA:74,7,0,0
BRDA:108,8,0,156
BRDA:111,9,0,0
BRDA:133,10,0,78
BRDA:136,11,0,0
BRDA:170,12,0,7
BRDA:178,13,0,5
BRDA:188,14,0,0
BRDA:206,15,0,1
BRDA:211,16,0,6
BRDA:227,17,0,0
BRDA:249,18,0,1
BRDA:301,19,0,2
BRDA:335,20,0,3
BRDA:335,20,1,1
BRF:22
BRH:15
end_of_record
TN:
SF:services/User.ts
FN:5,(anonymous_0)
FN:9,(anonymous_1)
FN:17,(anonymous_2)
FN:27,(anonymous_3)
FN:35,(anonymous_4)
FNF:5
FNH:1
FNDA:1,(anonymous_0)
FNDA:0,(anonymous_1)
FNDA:0,(anonymous_2)
FNDA:0,(anonymous_3)
FNDA:0,(anonymous_4)
DA:1,1
DA:6,1
DA:10,0
DA:11,0
DA:13,0
DA:20,0
DA:21,0
DA:23,0
DA:28,0
DA:29,0
DA:31,0
DA:36,0
DA:37,0
DA:38,0
DA:40,0
DA:45,1
LF:16
LH:3
BRF:0
BRH:0
end_of_record
TN:
SF:services/api/auth/auth.ts
FN:17,(anonymous_0)
FN:48,(anonymous_1)
FN:68,(anonymous_2)
FN:85,(anonymous_3)
FN:108,(anonymous_4)
FN:109,(anonymous_5)
FN:120,(anonymous_6)
FNF:7
FNH:2
FNDA:150,(anonymous_0)
FNDA:141,(anonymous_1)
FNDA:0,(anonymous_2)
FNDA:0,(anonymous_3)
FNDA:0,(anonymous_4)
FNDA:0,(anonymous_5)
FNDA:0,(anonymous_6)
DA:9,1
DA:10,1
DA:17,1
DA:18,150
DA:19,150
DA:20,8
DA:23,8
DA:26,142
DA:27,142
DA:29,142
DA:30,1
DA:33,1
DA:36,141
DA:38,141
DA:39,0
DA:40,0
DA:43,141
DA:44,0
DA:45,0
DA:48,141
DA:49,141
DA:50,2
DA:51,2
DA:53,139
DA:54,0
DA:55,0
DA:57,139
DA:58,139
DA:59,139
DA:63,0
DA:64,0
DA:68,1
DA:73,0
DA:74,0
DA:76,0
DA:78,0
DA:79,0
DA:80,0
DA:82,0
DA:85,1
DA:90,0
DA:91,0
DA:93,0
DA:95,0
DA:96,0
DA:97,0
DA:99,0
DA:107,1
DA:108,1
DA:109,0
DA:110,0
DA:115,0
DA:117,0
DA:120,0
DA:128,0
DA:131,0
LF:56
LH:27
BRDA:19,0,0,8
BRDA:29,1,0,1
BRDA:38,2,0,0
BRDA:43,3,0,0
BRDA:49,4,0,2
BRDA:53,5,0,0
BRDA:53,5,1,139
BRDA:73,6,0,0
BRDA:78,7,0,0
BRDA:90,8,0,0
BRDA:95,9,0,0
BRDA:108,10,0,0
BRDA:115,11,0,0
BRF:13
BRH:4
end_of_record
TN:
SF:services/logger/pinoLogger.ts
FN:15,(anonymous_1)
FN:28,(anonymous_2)
FN:42,(anonymous_3)
FN:46,(anonymous_4)
FN:50,(anonymous_5)
FN:54,(anonymous_6)
FNF:6
FNH:0
FNDA:0,(anonymous_1)
FNDA:0,(anonymous_2)
FNDA:0,(anonymous_3)
FNDA:0,(anonymous_4)
FNDA:0,(anonymous_5)
FNDA:0,(anonymous_6)
DA:1,0
DA:16,0
DA:18,0
DA:20,0
DA:21,0
DA:23,0
DA:24,0
DA:32,0
DA:34,0
DA:35,0
DA:37,0
DA:38,0
DA:43,0
DA:47,0
DA:51,0
DA:55,0
DA:59,0
LF:17
LH:0
BRDA:16,0,0,0
BRDA:16,0,1,0
BRDA:18,1,0,0
BRDA:18,1,1,0
BRDA:20,2,0,0
BRDA:20,2,1,0
BRDA:32,3,0,0
BRDA:32,3,1,0
BRF:8
BRH:0
end_of_record
TN:
SF:utils/secureRandomness.ts
FN:3,secureRandomString
FN:15,generateSecureSeed
FN:19,createServerSeedHash
FNF:3
FNH:3
FNDA:1498,secureRandomString
FNDA:1193,generateSecureSeed
FNDA:1296,createServerSeedHash
DA:1,4
DA:3,4
DA:4,1498
DA:5,1498
DA:6,1498
DA:8,1498
DA:9,20637
DA:12,1498
DA:15,4
DA:16,1193
DA:19,4
DA:20,1296
LF:12
LH:12
BRF:0
BRH:0
end_of_record
